{
  "RSpec": {
    "coverage": {
      "/Users/mariannerachid/code/makers/course/week10/bank-tech-test/spec/feature/feature_spec.rb": [
        null,
        null,
        1,
        1,
        null,
        1,
        1,
        1,
        1,
        1,
        1,
        null,
        1,
        null,
        null,
        null,
        1,
        1,
        1,
        1,
        1,
        null,
        1,
        null,
        null,
        null,
        null,
        1,
        1,
        1,
        1,
        null,
        1,
        null,
        null,
        null,
        null,
        1,
        1,
        1,
        1,
        1,
        1,
        null,
        1,
        null,
        null,
        null,
        null,
        1,
        1,
        1,
        1,
        1,
        1,
        null,
        1,
        null,
        null,
        null,
        null,
        null,
        null,
        null
      ],
      "/Users/mariannerachid/code/makers/course/week10/bank-tech-test/lib/account.rb": [
        null,
        null,
        1,
        1,
        null,
        1,
        8,
        8,
        8,
        null,
        null,
        1,
        7,
        7,
        null,
        null,
        null,
        null,
        null,
        1,
        3,
        3,
        null,
        null,
        null,
        null,
        null,
        1,
        4,
        null,
        null,
        1,
        null,
        1,
        10,
        null,
        null,
        1,
        20,
        null,
        null
      ],
      "/Users/mariannerachid/code/makers/course/week10/bank-tech-test/lib/statement.rb": [
        null,
        null,
        1,
        1,
        6,
        6,
        6,
        4,
        null,
        2,
        2,
        null,
        null,
        null,
        6,
        null,
        null,
        1,
        null,
        1,
        6,
        null,
        null
      ],
      "/Users/mariannerachid/code/makers/course/week10/bank-tech-test/spec/unit/account_spec.rb": [
        null,
        null,
        1,
        null,
        1,
        3,
        1,
        1,
        null,
        null,
        null,
        1,
        1,
        1,
        1,
        null,
        1,
        null,
        null,
        null,
        null,
        null,
        null,
        1,
        1,
        1,
        1,
        1,
        null,
        1,
        null,
        null,
        null,
        null,
        null,
        null,
        1,
        1,
        1,
        1,
        1,
        null,
        1,
        null,
        null,
        null,
        null
      ],
      "/Users/mariannerachid/code/makers/course/week10/bank-tech-test/spec/unit/statement_spec.rb": [
        null,
        null,
        1,
        null,
        1,
        4,
        2,
        1,
        1,
        null,
        null,
        null,
        null,
        1,
        1,
        null,
        null,
        null,
        null,
        null,
        null,
        1,
        1,
        1,
        null,
        null,
        null,
        null,
        1,
        1,
        1,
        null,
        null,
        null,
        null,
        null,
        null,
        1,
        1,
        1,
        null,
        null,
        null,
        null,
        null,
        null
      ]
    },
    "timestamp": 1541438968
  }
}
